c:\users\charles\source\repos\heros-quest\heros quest\x64\debug\vc140.pdb
c:\users\charles\source\repos\heros-quest\heros quest\x64\debug\vc140.idb
c:\users\charles\source\repos\heros-quest\heros quest\x64\debug\character.obj
c:\users\charles\source\repos\heros-quest\heros quest\x64\debug\combat.obj
c:\users\charles\source\repos\heros-quest\heros quest\x64\debug\item.obj
c:\users\charles\source\repos\heros-quest\heros quest\x64\debug\main.obj
c:\users\charles\source\repos\heros-quest\heros quest\x64\debug\monster.obj
c:\users\charles\source\repos\heros-quest\heros quest\x64\debug\player.obj
c:\users\charles\source\repos\heros-quest\heros quest\x64\debug\gameengine.obj
c:\users\charles\source\repos\heros-quest\heros quest\x64\debug\inputfunctions.obj
c:\users\charles\source\repos\heros-quest\x64\debug\heros quest.ilk
c:\users\charles\source\repos\heros-quest\x64\debug\heros quest.exe
c:\users\charles\source\repos\heros-quest\x64\debug\heros quest.pdb
c:\users\charles\source\repos\heros-quest\heros quest\x64\debug\gameengine.obj.enc
c:\users\charles\source\repos\heros-quest\heros quest\x64\debug\player.obj.enc
c:\users\charles\source\repos\heros-quest\heros quest\x64\debug\heros quest.tlog\cl.command.1.tlog
c:\users\charles\source\repos\heros-quest\heros quest\x64\debug\heros quest.tlog\cl.read.1.tlog
c:\users\charles\source\repos\heros-quest\heros quest\x64\debug\heros quest.tlog\cl.write.1.tlog
c:\users\charles\source\repos\heros-quest\heros quest\x64\debug\heros quest.tlog\link.command.1.tlog
c:\users\charles\source\repos\heros-quest\heros quest\x64\debug\heros quest.tlog\link.read.1.tlog
c:\users\charles\source\repos\heros-quest\heros quest\x64\debug\heros quest.tlog\link.write.1.tlog
